;  LST file generated by mikroListExporter - v.2.0 
; Date/Time: 8/1/2024 2:07:32 AM
;----------------------------------------------

;Address Opcode 	ASM
0x0000	0x2816      	GOTO       22
_____DoICP:
;__Lib_System.c,6 :: 		
;__Lib_System.c,9 :: 		
0x0003	0x1283      	BCF        STATUS, 5
0x0004	0x1303      	BCF        STATUS, 6
0x0005	0x0823      	MOVF       ___DoICPAddr+1, 0
0x0006	0x008A      	MOVWF      PCLATH
;__Lib_System.c,10 :: 		
0x0007	0x0822      	MOVF       ___DoICPAddr, 0
0x0008	0x0082      	MOVWF      PCL
;__Lib_System.c,12 :: 		
L_end_____DoICP:
0x0009	0x0008      	RETURN
; end of _____DoICP
___CC2DW:
;__Lib_System.c,134 :: 		
;__Lib_System.c,137 :: 		
_CC2D_Loop1:
;__Lib_System.c,139 :: 		
0x000A	0x2003      	CALL       _____DoICP
0x000B	0x118A      	BCF        PCLATH, 3
0x000C	0x120A      	BCF        PCLATH, 4
;__Lib_System.c,141 :: 		
0x000D	0x0080      	MOVWF      INDF
;__Lib_System.c,142 :: 		
0x000E	0x0A84      	INCF       FSR, 1
;__Lib_System.c,143 :: 		
0x000F	0x0AA2      	INCF       ___DoICPAddr, 1
;__Lib_System.c,145 :: 		
0x0010	0x1903      	BTFSC      STATUS, 2
;__Lib_System.c,146 :: 		
0x0011	0x0AA3      	INCF       ___DoICPAddr+1, 1
;__Lib_System.c,147 :: 		
0x0012	0x03F0      	DECF       R0, 1
;__Lib_System.c,149 :: 		
0x0013	0x1D03      	BTFSS      STATUS, 2
;__Lib_System.c,150 :: 		
0x0014	0x280A      	GOTO       _CC2D_Loop1
;__Lib_System.c,152 :: 		
L_end___CC2DW:
0x0015	0x0008      	RETURN
; end of ___CC2DW
_main:
0x0016	0x1283      	BCF        STATUS, 5
0x0017	0x1303      	BCF        STATUS, 6
0x0018	0x01A0      	CLRF       _counter1
0x0019	0x01A1      	CLRF       _counter2
;New Traffic TTT(try3).c,3 :: 		void main(){
;New Traffic TTT(try3).c,4 :: 		adcon1 = 0x07;
0x001A	0x3007      	MOVLW      7
0x001B	0x1683      	BSF        STATUS, 5
0x001C	0x009F      	MOVWF      ADCON1
;New Traffic TTT(try3).c,5 :: 		trisE = 0b000;
0x001D	0x0189      	CLRF       TRISE
;New Traffic TTT(try3).c,6 :: 		trisB = 0b00000000;
0x001E	0x0186      	CLRF       TRISB
;New Traffic TTT(try3).c,7 :: 		trisD = 0b00000000;
0x001F	0x0188      	CLRF       TRISD
;New Traffic TTT(try3).c,8 :: 		trisA.b4 =1;
0x0020	0x1605      	BSF        TRISA, 4
;New Traffic TTT(try3).c,9 :: 		trisA.B5=1;
0x0021	0x1685      	BSF        TRISA, 5
;New Traffic TTT(try3).c,10 :: 		trisC = 0b11111111;portC = 0b11111111;
0x0022	0x30FF      	MOVLW      255
0x0023	0x0087      	MOVWF      TRISC
0x0024	0x30FF      	MOVLW      255
0x0025	0x1283      	BCF        STATUS, 5
0x0026	0x0087      	MOVWF      PORTC
;New Traffic TTT(try3).c,11 :: 		portE.b0 =0;portE.b1=0;portE.b2=1;
0x0027	0x1009      	BCF        PORTE, 0
0x0028	0x1089      	BCF        PORTE, 1
0x0029	0x1509      	BSF        PORTE, 2
;New Traffic TTT(try3).c,12 :: 		portD.b0 =1;portD.b1=0;portD.b2=0;
0x002A	0x1408      	BSF        PORTD, 0
0x002B	0x1088      	BCF        PORTD, 1
0x002C	0x1108      	BCF        PORTD, 2
;New Traffic TTT(try3).c,13 :: 		for(;;){
L_main0:
;New Traffic TTT(try3).c,14 :: 		portB.b0 = counter1.b0;portB.b1 = counter1.b1;portB.b2 = counter1.b2;portB.b3 = counter1.b3;
0x002D	0x1820      	BTFSC      _counter1, 0
0x002E	0x2831      	GOTO       L__main40
0x002F	0x1006      	BCF        PORTB, 0
0x0030	0x2832      	GOTO       L__main41
L__main40:
0x0031	0x1406      	BSF        PORTB, 0
L__main41:
0x0032	0x18A0      	BTFSC      _counter1, 1
0x0033	0x2836      	GOTO       L__main42
0x0034	0x1086      	BCF        PORTB, 1
0x0035	0x2837      	GOTO       L__main43
L__main42:
0x0036	0x1486      	BSF        PORTB, 1
L__main43:
0x0037	0x1920      	BTFSC      _counter1, 2
0x0038	0x283B      	GOTO       L__main44
0x0039	0x1106      	BCF        PORTB, 2
0x003A	0x283C      	GOTO       L__main45
L__main44:
0x003B	0x1506      	BSF        PORTB, 2
L__main45:
0x003C	0x19A0      	BTFSC      _counter1, 3
0x003D	0x2840      	GOTO       L__main46
0x003E	0x1186      	BCF        PORTB, 3
0x003F	0x2841      	GOTO       L__main47
L__main46:
0x0040	0x1586      	BSF        PORTB, 3
L__main47:
;New Traffic TTT(try3).c,15 :: 		portB.b4 = counter2.b0;portB.b5 = counter2.b1;portB.b6 = counter2.b2;portB.b7 = counter2.b3;
0x0041	0x1821      	BTFSC      _counter2, 0
0x0042	0x2845      	GOTO       L__main48
0x0043	0x1206      	BCF        PORTB, 4
0x0044	0x2846      	GOTO       L__main49
L__main48:
0x0045	0x1606      	BSF        PORTB, 4
L__main49:
0x0046	0x18A1      	BTFSC      _counter2, 1
0x0047	0x284A      	GOTO       L__main50
0x0048	0x1286      	BCF        PORTB, 5
0x0049	0x284B      	GOTO       L__main51
L__main50:
0x004A	0x1686      	BSF        PORTB, 5
L__main51:
0x004B	0x1921      	BTFSC      _counter2, 2
0x004C	0x284F      	GOTO       L__main52
0x004D	0x1306      	BCF        PORTB, 6
0x004E	0x2850      	GOTO       L__main53
L__main52:
0x004F	0x1706      	BSF        PORTB, 6
L__main53:
0x0050	0x19A1      	BTFSC      _counter2, 3
0x0051	0x2854      	GOTO       L__main54
0x0052	0x1386      	BCF        PORTB, 7
0x0053	0x2855      	GOTO       L__main55
L__main54:
0x0054	0x1786      	BSF        PORTB, 7
L__main55:
;New Traffic TTT(try3).c,16 :: 		counter1++;
0x0055	0x0AA0      	INCF       _counter1, 1
;New Traffic TTT(try3).c,17 :: 		delay_ms(1000);
0x0056	0x300B      	MOVLW      11
0x0057	0x00FB      	MOVWF      R11
0x0058	0x3026      	MOVLW      38
0x0059	0x00FC      	MOVWF      R12
0x005A	0x305D      	MOVLW      93
0x005B	0x00FD      	MOVWF      R13
L_main3:
0x005C	0x0BFD      	DECFSZ     R13, 1
0x005D	0x285C      	GOTO       L_main3
0x005E	0x0BFC      	DECFSZ     R12, 1
0x005F	0x285C      	GOTO       L_main3
0x0060	0x0BFB      	DECFSZ     R11, 1
0x0061	0x285C      	GOTO       L_main3
0x0062	0x0000      	NOP
0x0063	0x0000      	NOP
;New Traffic TTT(try3).c,18 :: 		if(counter1==10){
0x0064	0x0820      	MOVF       _counter1, 0
0x0065	0x3A0A      	XORLW      10
0x0066	0x1D03      	BTFSS      STATUS, 2
0x0067	0x286F      	GOTO       L_main4
;New Traffic TTT(try3).c,19 :: 		counter2++;
0x0068	0x0AA1      	INCF       _counter2, 1
;New Traffic TTT(try3).c,20 :: 		if(counter2==10) counter2=0;
0x0069	0x0821      	MOVF       _counter2, 0
0x006A	0x3A0A      	XORLW      10
0x006B	0x1D03      	BTFSS      STATUS, 2
0x006C	0x286E      	GOTO       L_main5
0x006D	0x01A1      	CLRF       _counter2
L_main5:
;New Traffic TTT(try3).c,21 :: 		counter1=0;}
0x006E	0x01A0      	CLRF       _counter1
L_main4:
;New Traffic TTT(try3).c,22 :: 		if(portA.b4==1){
0x006F	0x1E05      	BTFSS      PORTA, 4
0x0070	0x287B      	GOTO       L_main6
;New Traffic TTT(try3).c,23 :: 		if(portA.b5==1){
0x0071	0x1E85      	BTFSS      PORTA, 5
0x0072	0x287B      	GOTO       L_main7
;New Traffic TTT(try3).c,24 :: 		portD.b0=0;portE.b0=0;
0x0073	0x1008      	BCF        PORTD, 0
0x0074	0x1009      	BCF        PORTE, 0
;New Traffic TTT(try3).c,25 :: 		portD.b1=1;portE.b1=1;
0x0075	0x1488      	BSF        PORTD, 1
0x0076	0x1489      	BSF        PORTE, 1
;New Traffic TTT(try3).c,26 :: 		portD.b2=0;portE.b2=0;
0x0077	0x1108      	BCF        PORTD, 2
0x0078	0x1109      	BCF        PORTE, 2
;New Traffic TTT(try3).c,27 :: 		counter1=0;counter2=0;
0x0079	0x01A0      	CLRF       _counter1
0x007A	0x01A1      	CLRF       _counter2
;New Traffic TTT(try3).c,28 :: 		}}
L_main7:
L_main6:
;New Traffic TTT(try3).c,29 :: 		if(portA.b4==0){
0x007B	0x1A05      	BTFSC      PORTA, 4
0x007C	0x28EB      	GOTO       L_main8
;New Traffic TTT(try3).c,30 :: 		if(counter1==1&&counter2==2&&portE.b1==0&&portE.b2==1){
0x007D	0x0820      	MOVF       _counter1, 0
0x007E	0x3A01      	XORLW      1
0x007F	0x1D03      	BTFSS      STATUS, 2
0x0080	0x288E      	GOTO       L_main11
0x0081	0x0821      	MOVF       _counter2, 0
0x0082	0x3A02      	XORLW      2
0x0083	0x1D03      	BTFSS      STATUS, 2
0x0084	0x288E      	GOTO       L_main11
0x0085	0x1889      	BTFSC      PORTE, 1
0x0086	0x288E      	GOTO       L_main11
0x0087	0x1D09      	BTFSS      PORTE, 2
0x0088	0x288E      	GOTO       L_main11
L__main38:
;New Traffic TTT(try3).c,31 :: 		portE.b2=0;
0x0089	0x1109      	BCF        PORTE, 2
;New Traffic TTT(try3).c,32 :: 		portE.b1=1;
0x008A	0x1489      	BSF        PORTE, 1
;New Traffic TTT(try3).c,33 :: 		if(portE.b0==1) portE.b0=0;
0x008B	0x1C09      	BTFSS      PORTE, 0
0x008C	0x288E      	GOTO       L_main12
0x008D	0x1009      	BCF        PORTE, 0
L_main12:
;New Traffic TTT(try3).c,34 :: 		}
L_main11:
;New Traffic TTT(try3).c,35 :: 		if(counter1==4&&counter2==2&&portD.b1==0&&portD.b0==1){
0x008E	0x0820      	MOVF       _counter1, 0
0x008F	0x3A04      	XORLW      4
0x0090	0x1D03      	BTFSS      STATUS, 2
0x0091	0x28A1      	GOTO       L_main15
0x0092	0x0821      	MOVF       _counter2, 0
0x0093	0x3A02      	XORLW      2
0x0094	0x1D03      	BTFSS      STATUS, 2
0x0095	0x28A1      	GOTO       L_main15
0x0096	0x1888      	BTFSC      PORTD, 1
0x0097	0x28A1      	GOTO       L_main15
0x0098	0x1C08      	BTFSS      PORTD, 0
0x0099	0x28A1      	GOTO       L_main15
L__main37:
;New Traffic TTT(try3).c,36 :: 		portD.b0=0;
0x009A	0x1008      	BCF        PORTD, 0
;New Traffic TTT(try3).c,37 :: 		portD.b1=1;
0x009B	0x1488      	BSF        PORTD, 1
;New Traffic TTT(try3).c,38 :: 		if(portD.b2==1) portD.b2=0;
0x009C	0x1D08      	BTFSS      PORTD, 2
0x009D	0x289F      	GOTO       L_main16
0x009E	0x1108      	BCF        PORTD, 2
L_main16:
;New Traffic TTT(try3).c,39 :: 		counter1=0;counter2=0;
0x009F	0x01A0      	CLRF       _counter1
0x00A0	0x01A1      	CLRF       _counter2
;New Traffic TTT(try3).c,40 :: 		}
L_main15:
;New Traffic TTT(try3).c,41 :: 		if(counter1==4&&counter2==0&&portE.B0==0&&portE.B1==1){
0x00A1	0x0820      	MOVF       _counter1, 0
0x00A2	0x3A04      	XORLW      4
0x00A3	0x1D03      	BTFSS      STATUS, 2
0x00A4	0x28B4      	GOTO       L_main19
0x00A5	0x0821      	MOVF       _counter2, 0
0x00A6	0x3A00      	XORLW      0
0x00A7	0x1D03      	BTFSS      STATUS, 2
0x00A8	0x28B4      	GOTO       L_main19
0x00A9	0x1809      	BTFSC      PORTE, 0
0x00AA	0x28B4      	GOTO       L_main19
0x00AB	0x1C89      	BTFSS      PORTE, 1
0x00AC	0x28B4      	GOTO       L_main19
L__main36:
;New Traffic TTT(try3).c,42 :: 		portE.b1=0;
0x00AD	0x1089      	BCF        PORTE, 1
;New Traffic TTT(try3).c,43 :: 		portE.b0=1;
0x00AE	0x1409      	BSF        PORTE, 0
;New Traffic TTT(try3).c,44 :: 		if(portE.B2==1) portE.b2=0;
0x00AF	0x1D09      	BTFSS      PORTE, 2
0x00B0	0x28B2      	GOTO       L_main20
0x00B1	0x1109      	BCF        PORTE, 2
L_main20:
;New Traffic TTT(try3).c,45 :: 		counter1=0;counter2=0;
0x00B2	0x01A0      	CLRF       _counter1
0x00B3	0x01A1      	CLRF       _counter2
;New Traffic TTT(try3).c,46 :: 		}
L_main19:
;New Traffic TTT(try3).c,47 :: 		if(counter1==4&&counter2==0&&portD.B2==0&&portD.B1==1){
0x00B4	0x0820      	MOVF       _counter1, 0
0x00B5	0x3A04      	XORLW      4
0x00B6	0x1D03      	BTFSS      STATUS, 2
0x00B7	0x28C7      	GOTO       L_main23
0x00B8	0x0821      	MOVF       _counter2, 0
0x00B9	0x3A00      	XORLW      0
0x00BA	0x1D03      	BTFSS      STATUS, 2
0x00BB	0x28C7      	GOTO       L_main23
0x00BC	0x1908      	BTFSC      PORTD, 2
0x00BD	0x28C7      	GOTO       L_main23
0x00BE	0x1C88      	BTFSS      PORTD, 1
0x00BF	0x28C7      	GOTO       L_main23
L__main35:
;New Traffic TTT(try3).c,48 :: 		portD.b1=0;
0x00C0	0x1088      	BCF        PORTD, 1
;New Traffic TTT(try3).c,49 :: 		portD.b2=1;
0x00C1	0x1508      	BSF        PORTD, 2
;New Traffic TTT(try3).c,50 :: 		if(portD.B0==1) portD.b0=0;
0x00C2	0x1C08      	BTFSS      PORTD, 0
0x00C3	0x28C5      	GOTO       L_main24
0x00C4	0x1008      	BCF        PORTD, 0
L_main24:
;New Traffic TTT(try3).c,51 :: 		counter1=0;counter2=0;
0x00C5	0x01A0      	CLRF       _counter1
0x00C6	0x01A1      	CLRF       _counter2
;New Traffic TTT(try3).c,52 :: 		}
L_main23:
;New Traffic TTT(try3).c,53 :: 		if(counter1==3&&counter2==1&&portD.b0==0&&portD.b2==1){
0x00C7	0x0820      	MOVF       _counter1, 0
0x00C8	0x3A03      	XORLW      3
0x00C9	0x1D03      	BTFSS      STATUS, 2
0x00CA	0x28D8      	GOTO       L_main27
0x00CB	0x0821      	MOVF       _counter2, 0
0x00CC	0x3A01      	XORLW      1
0x00CD	0x1D03      	BTFSS      STATUS, 2
0x00CE	0x28D8      	GOTO       L_main27
0x00CF	0x1808      	BTFSC      PORTD, 0
0x00D0	0x28D8      	GOTO       L_main27
0x00D1	0x1D08      	BTFSS      PORTD, 2
0x00D2	0x28D8      	GOTO       L_main27
L__main34:
;New Traffic TTT(try3).c,54 :: 		portD.b0=1;
0x00D3	0x1408      	BSF        PORTD, 0
;New Traffic TTT(try3).c,55 :: 		portD.b2=0;
0x00D4	0x1108      	BCF        PORTD, 2
;New Traffic TTT(try3).c,56 :: 		if(portD.b1==1) portD.b1=0;
0x00D5	0x1C88      	BTFSS      PORTD, 1
0x00D6	0x28D8      	GOTO       L_main28
0x00D7	0x1088      	BCF        PORTD, 1
L_main28:
;New Traffic TTT(try3).c,57 :: 		}
L_main27:
;New Traffic TTT(try3).c,58 :: 		if(counter1==6&&counter2==1&&portE.b2==0&&portE.b0==1){
0x00D8	0x0820      	MOVF       _counter1, 0
0x00D9	0x3A06      	XORLW      6
0x00DA	0x1D03      	BTFSS      STATUS, 2
0x00DB	0x28EB      	GOTO       L_main31
0x00DC	0x0821      	MOVF       _counter2, 0
0x00DD	0x3A01      	XORLW      1
0x00DE	0x1D03      	BTFSS      STATUS, 2
0x00DF	0x28EB      	GOTO       L_main31
0x00E0	0x1909      	BTFSC      PORTE, 2
0x00E1	0x28EB      	GOTO       L_main31
0x00E2	0x1C09      	BTFSS      PORTE, 0
0x00E3	0x28EB      	GOTO       L_main31
L__main33:
;New Traffic TTT(try3).c,59 :: 		portE.b0=0;
0x00E4	0x1009      	BCF        PORTE, 0
;New Traffic TTT(try3).c,60 :: 		portE.b2=1;
0x00E5	0x1509      	BSF        PORTE, 2
;New Traffic TTT(try3).c,61 :: 		if(portE.b1==1) portE.b1=0;
0x00E6	0x1C89      	BTFSS      PORTE, 1
0x00E7	0x28E9      	GOTO       L_main32
0x00E8	0x1089      	BCF        PORTE, 1
L_main32:
;New Traffic TTT(try3).c,62 :: 		counter1=0;counter2=0;
0x00E9	0x01A0      	CLRF       _counter1
0x00EA	0x01A1      	CLRF       _counter2
;New Traffic TTT(try3).c,63 :: 		}
L_main31:
;New Traffic TTT(try3).c,64 :: 		}
L_main8:
;New Traffic TTT(try3).c,65 :: 		}
0x00EB	0x282D      	GOTO       L_main0
;New Traffic TTT(try3).c,66 :: 		}
L_end_main:
0x00EC	0x28EC      	GOTO       $+0
; end of _main
Symbol List:
//** Routines locations **
//ADDRESS    SIZE    PROCEDURE
//----------------------------------------------
0x0003       [7]    _____DoICP
0x000A      [12]    ___CC2DW
0x0016     [215]    _main
//** Variables locations ** 
//ADDRESS    SIZE    VARIABLE
//----------------------------------------------
0x0000       [1]    INDF
0x0002       [1]    PCL
0x0003       [1]    STATUS
0x0004       [1]    FSR
0x0005       [1]    PORTA
0x0006       [1]    PORTB
0x0007       [1]    PORTC
0x0008       [1]    PORTD
0x0009       [1]    PORTE
0x000A       [1]    PCLATH
0x0020       [1]    _counter1
0x0021       [1]    _counter2
0x0022       [2]    ___DoICPAddr
0x0070       [1]    R0
0x0071       [1]    R1
0x0072       [1]    R2
0x0073       [1]    R3
0x0074       [1]    R4
0x0075       [1]    R5
0x0076       [1]    R6
0x0077       [1]    R7
0x0078       [1]    R8
0x0079       [1]    R9
0x007A       [1]    R10
0x007B       [1]    R11
0x007C       [1]    R12
0x007D       [1]    R13
0x007E       [1]    R14
0x007F       [1]    R15
0x0085       [1]    TRISA
0x0086       [1]    TRISB
0x0087       [1]    TRISC
0x0088       [1]    TRISD
0x0089       [1]    TRISE
0x009F       [1]    ADCON1
//** Label List: ** 
//----------------------------------------------
  L_main0
  L_main1
  L_main2
  L_main3
  L_main4
  L_main5
  L_main6
  L_main7
  L_main8
  L_main9
  L_main10
  L_main11
  L_main12
  L_main13
  L_main14
  L_main15
  L_main16
  L_main17
  L_main18
  L_main19
  L_main20
  L_main21
  L_main22
  L_main23
  L_main24
  L_main25
  L_main26
  L_main27
  L_main28
  L_main29
  L_main30
  L_main31
  L_main32
  L__main33
  L__main34
  L__main35
  L__main36
  L__main37
  L__main38
  L_end_main
  _main
  L__main40
  L__main41
  L__main42
  L__main43
  L__main44
  L__main45
  L__main46
  L__main47
  L__main48
  L__main49
  L__main50
  L__main51
  L__main52
  L__main53
  L__main54
  L__main55
  L_loopCA2AWs
  L_CA2AWend
  _CCA2AW_Loop1
  L_loopCS2Ss
  L_CS2Send
  _CCS2S_Loop1
  L_CCS2Send
  L_loopFZinSWs
  L_FZinSend
  _CC2D_Loop1
  L_end_____DoICP
  _____DoICP
  L_end_____DoIFC
  _____DoIFC
  L_end___CA2AW
  ___CA2AW
  L_end___CCA2AW
  ___CCA2AW
  L_end___CS2S
  ___CS2S
  L_end___CCS2S
  ___CCS2S
  L_end___FZinS
  ___FZinS
  L_end___CC2DW
  ___CC2DW
  L_end_Swap
  _Swap
